\BOOKMARK [1][-]{section.0.1}{ }{}% 1
\BOOKMARK [1][-]{section.0.2}{ \040 }{}% 2
\BOOKMARK [2][-]{subsection.0.2.1}{ \040 \040 a}{section.0.2}% 3
\BOOKMARK [2][-]{subsection.0.2.2}{ \040 \040 }{section.0.2}% 4
\BOOKMARK [1][-]{section.0.3}{ \040 }{}% 5
\BOOKMARK [0][-]{chapter.1}{ \040 \040 \040 }{}% 6
\BOOKMARK [1][-]{section.1.1}{ \040 \040 \040 \040}{chapter.1}% 7
\BOOKMARK [2][-]{subsection.1.1.1}{}{section.1.1}% 8
\BOOKMARK [2][-]{subsection.1.1.2}{Open Systems Interconnections \(OSI\) }{section.1.1}% 9
\BOOKMARK [1][-]{section.1.2}{ \040 }{chapter.1}% 10
\BOOKMARK [0][-]{chapter.2}{ \040 \040 }{}% 11
\BOOKMARK [1][-]{section.2.1}{ \040 \040}{chapter.2}% 12
\BOOKMARK [1][-]{section.2.2}{ \040 \040 \040 \040}{chapter.2}% 13
\BOOKMARK [1][-]{section.2.3}{ \040 \040 \040}{chapter.2}% 14
\BOOKMARK [0][-]{chapter.3}{ \040 \040}{}% 15
\BOOKMARK [0][-]{chapter.4}{ \040}{}% 16
\BOOKMARK [0][-]{chapter.5}{}{}% 17
\BOOKMARK [0][-]{appendix.Alph1}{ }{}% 18
\BOOKMARK [0][-]{appendix*.3}{}{}% 19
\BOOKMARK [0][-]{appendix*.4}{ \040}{}% 20
\BOOKMARK [0][-]{appendix*.5}{ \040}{}% 21
